The system is: Linux - 3.9.5-1-ARCH - x86_64
Compiling the C compiler identification source file "CMakeCCompilerId.c" succeeded.
Compiler: /usr/bin/cc 
Build flags: 
Id flags: 

The output was:
0


Compilation of the C compiler identification source "CMakeCCompilerId.c" produced "a.out"

The C compiler identification is GNU, found in "/home/ben/workspace/massplay/server/CMakeFiles/2.8.12/CompilerIdC/a.out"

Compiling the CXX compiler identification source file "CMakeCXXCompilerId.cpp" succeeded.
Compiler: /usr/bin/c++ 
Build flags: 
Id flags: 

The output was:
0


Compilation of the CXX compiler identification source "CMakeCXXCompilerId.cpp" produced "a.out"

The CXX compiler identification is GNU, found in "/home/ben/workspace/massplay/server/CMakeFiles/2.8.12/CompilerIdCXX/a.out"

Determining if the C compiler works passed with the following output:
Change Dir: /home/ben/workspace/massplay/server/CMakeFiles/CMakeTmp

Run Build Command:/usr/bin/make "cmTryCompileExec2952359093/fast"
/usr/bin/make -f CMakeFiles/cmTryCompileExec2952359093.dir/build.make CMakeFiles/cmTryCompileExec2952359093.dir/build
make[1]: Entering directory '/home/ben/workspace/massplay/server/CMakeFiles/CMakeTmp'
/usr/bin/cmake -E cmake_progress_report /home/ben/workspace/massplay/server/CMakeFiles/CMakeTmp/CMakeFiles 1
Building C object CMakeFiles/cmTryCompileExec2952359093.dir/testCCompiler.c.o
/usr/bin/cc    -o CMakeFiles/cmTryCompileExec2952359093.dir/testCCompiler.c.o   -c /home/ben/workspace/massplay/server/CMakeFiles/CMakeTmp/testCCompiler.c
Linking C executable cmTryCompileExec2952359093
/usr/bin/cmake -E cmake_link_script CMakeFiles/cmTryCompileExec2952359093.dir/link.txt --verbose=1
/usr/bin/cc       CMakeFiles/cmTryCompileExec2952359093.dir/testCCompiler.c.o  -o cmTryCompileExec2952359093 -rdynamic 
make[1]: Leaving directory '/home/ben/workspace/massplay/server/CMakeFiles/CMakeTmp'


Detecting C compiler ABI info compiled with the following output:
Change Dir: /home/ben/workspace/massplay/server/CMakeFiles/CMakeTmp

Run Build Command:/usr/bin/make "cmTryCompileExec3749924625/fast"
/usr/bin/make -f CMakeFiles/cmTryCompileExec3749924625.dir/build.make CMakeFiles/cmTryCompileExec3749924625.dir/build
make[1]: Entering directory '/home/ben/workspace/massplay/server/CMakeFiles/CMakeTmp'
/usr/bin/cmake -E cmake_progress_report /home/ben/workspace/massplay/server/CMakeFiles/CMakeTmp/CMakeFiles 1
Building C object CMakeFiles/cmTryCompileExec3749924625.dir/CMakeCCompilerABI.c.o
/usr/bin/cc    -o CMakeFiles/cmTryCompileExec3749924625.dir/CMakeCCompilerABI.c.o   -c /usr/share/cmake-2.8/Modules/CMakeCCompilerABI.c
Linking C executable cmTryCompileExec3749924625
/usr/bin/cmake -E cmake_link_script CMakeFiles/cmTryCompileExec3749924625.dir/link.txt --verbose=1
/usr/bin/cc     -v CMakeFiles/cmTryCompileExec3749924625.dir/CMakeCCompilerABI.c.o  -o cmTryCompileExec3749924625 -rdynamic  
Using built-in specs.
COLLECT_GCC=/usr/bin/cc
COLLECT_LTO_WRAPPER=/usr/lib/gcc/x86_64-unknown-linux-gnu/4.8.2/lto-wrapper
Target: x86_64-unknown-linux-gnu
Configured with: /build/gcc-multilib/src/gcc-4.8.2/configure --prefix=/usr --libdir=/usr/lib --libexecdir=/usr/lib --mandir=/usr/share/man --infodir=/usr/share/info --with-bugurl=https://bugs.archlinux.org/ --enable-languages=c,c++,ada,fortran,go,lto,objc,obj-c++ --enable-shared --enable-threads=posix --with-system-zlib --enable-__cxa_atexit --disable-libunwind-exceptions --enable-clocale=gnu --disable-libstdcxx-pch --enable-gnu-unique-object --enable-linker-build-id --enable-cloog-backend=isl --disable-cloog-version-check --enable-lto --enable-gold --enable-ld=default --enable-plugin --with-plugin-ld=ld.gold --with-linker-hash-style=gnu --disable-install-libiberty --enable-multilib --disable-libssp --disable-werror --enable-checking=release
Thread model: posix
gcc version 4.8.2 (GCC) 
COMPILER_PATH=/usr/lib/gcc/x86_64-unknown-linux-gnu/4.8.2/:/usr/lib/gcc/x86_64-unknown-linux-gnu/4.8.2/:/usr/lib/gcc/x86_64-unknown-linux-gnu/:/usr/lib/gcc/x86_64-unknown-linux-gnu/4.8.2/:/usr/lib/gcc/x86_64-unknown-linux-gnu/
LIBRARY_PATH=/usr/lib/gcc/x86_64-unknown-linux-gnu/4.8.2/:/usr/lib/gcc/x86_64-unknown-linux-gnu/4.8.2/../../../../lib/:/lib/../lib/:/usr/lib/../lib/:/usr/lib/gcc/x86_64-unknown-linux-gnu/4.8.2/../../../:/lib/:/usr/lib/
COLLECT_GCC_OPTIONS='-v' '-o' 'cmTryCompileExec3749924625' '-rdynamic' '-mtune=generic' '-march=x86-64'
 /usr/lib/gcc/x86_64-unknown-linux-gnu/4.8.2/collect2 --build-id --eh-frame-hdr --hash-style=gnu -m elf_x86_64 -export-dynamic -dynamic-linker /lib64/ld-linux-x86-64.so.2 -o cmTryCompileExec3749924625 /usr/lib/gcc/x86_64-unknown-linux-gnu/4.8.2/../../../../lib/crt1.o /usr/lib/gcc/x86_64-unknown-linux-gnu/4.8.2/../../../../lib/crti.o /usr/lib/gcc/x86_64-unknown-linux-gnu/4.8.2/crtbegin.o -L/usr/lib/gcc/x86_64-unknown-linux-gnu/4.8.2 -L/usr/lib/gcc/x86_64-unknown-linux-gnu/4.8.2/../../../../lib -L/lib/../lib -L/usr/lib/../lib -L/usr/lib/gcc/x86_64-unknown-linux-gnu/4.8.2/../../.. CMakeFiles/cmTryCompileExec3749924625.dir/CMakeCCompilerABI.c.o -lgcc --as-needed -lgcc_s --no-as-needed -lc -lgcc --as-needed -lgcc_s --no-as-needed /usr/lib/gcc/x86_64-unknown-linux-gnu/4.8.2/crtend.o /usr/lib/gcc/x86_64-unknown-linux-gnu/4.8.2/../../../../lib/crtn.o
make[1]: Leaving directory '/home/ben/workspace/massplay/server/CMakeFiles/CMakeTmp'


Parsed C implicit link information from above output:
  link line regex: [^( *|.*[/\])(ld|([^/\]+-)?ld|collect2)[^/\]*( |$)]
  ignore line: [Change Dir: /home/ben/workspace/massplay/server/CMakeFiles/CMakeTmp]
  ignore line: []
  ignore line: [Run Build Command:/usr/bin/make "cmTryCompileExec3749924625/fast"]
  ignore line: [/usr/bin/make -f CMakeFiles/cmTryCompileExec3749924625.dir/build.make CMakeFiles/cmTryCompileExec3749924625.dir/build]
  ignore line: [make[1]: Entering directory '/home/ben/workspace/massplay/server/CMakeFiles/CMakeTmp']
  ignore line: [/usr/bin/cmake -E cmake_progress_report /home/ben/workspace/massplay/server/CMakeFiles/CMakeTmp/CMakeFiles 1]
  ignore line: [Building C object CMakeFiles/cmTryCompileExec3749924625.dir/CMakeCCompilerABI.c.o]
  ignore line: [/usr/bin/cc    -o CMakeFiles/cmTryCompileExec3749924625.dir/CMakeCCompilerABI.c.o   -c /usr/share/cmake-2.8/Modules/CMakeCCompilerABI.c]
  ignore line: [Linking C executable cmTryCompileExec3749924625]
  ignore line: [/usr/bin/cmake -E cmake_link_script CMakeFiles/cmTryCompileExec3749924625.dir/link.txt --verbose=1]
  ignore line: [/usr/bin/cc     -v CMakeFiles/cmTryCompileExec3749924625.dir/CMakeCCompilerABI.c.o  -o cmTryCompileExec3749924625 -rdynamic  ]
  ignore line: [Using built-in specs.]
  ignore line: [COLLECT_GCC=/usr/bin/cc]
  ignore line: [COLLECT_LTO_WRAPPER=/usr/lib/gcc/x86_64-unknown-linux-gnu/4.8.2/lto-wrapper]
  ignore line: [Target: x86_64-unknown-linux-gnu]
  ignore line: [Configured with: /build/gcc-multilib/src/gcc-4.8.2/configure --prefix=/usr --libdir=/usr/lib --libexecdir=/usr/lib --mandir=/usr/share/man --infodir=/usr/share/info --with-bugurl=https://bugs.archlinux.org/ --enable-languages=c,c++,ada,fortran,go,lto,objc,obj-c++ --enable-shared --enable-threads=posix --with-system-zlib --enable-__cxa_atexit --disable-libunwind-exceptions --enable-clocale=gnu --disable-libstdcxx-pch --enable-gnu-unique-object --enable-linker-build-id --enable-cloog-backend=isl --disable-cloog-version-check --enable-lto --enable-gold --enable-ld=default --enable-plugin --with-plugin-ld=ld.gold --with-linker-hash-style=gnu --disable-install-libiberty --enable-multilib --disable-libssp --disable-werror --enable-checking=release]
  ignore line: [Thread model: posix]
  ignore line: [gcc version 4.8.2 (GCC) ]
  ignore line: [COMPILER_PATH=/usr/lib/gcc/x86_64-unknown-linux-gnu/4.8.2/:/usr/lib/gcc/x86_64-unknown-linux-gnu/4.8.2/:/usr/lib/gcc/x86_64-unknown-linux-gnu/:/usr/lib/gcc/x86_64-unknown-linux-gnu/4.8.2/:/usr/lib/gcc/x86_64-unknown-linux-gnu/]
  ignore line: [LIBRARY_PATH=/usr/lib/gcc/x86_64-unknown-linux-gnu/4.8.2/:/usr/lib/gcc/x86_64-unknown-linux-gnu/4.8.2/../../../../lib/:/lib/../lib/:/usr/lib/../lib/:/usr/lib/gcc/x86_64-unknown-linux-gnu/4.8.2/../../../:/lib/:/usr/lib/]
  ignore line: [COLLECT_GCC_OPTIONS='-v' '-o' 'cmTryCompileExec3749924625' '-rdynamic' '-mtune=generic' '-march=x86-64']
  link line: [ /usr/lib/gcc/x86_64-unknown-linux-gnu/4.8.2/collect2 --build-id --eh-frame-hdr --hash-style=gnu -m elf_x86_64 -export-dynamic -dynamic-linker /lib64/ld-linux-x86-64.so.2 -o cmTryCompileExec3749924625 /usr/lib/gcc/x86_64-unknown-linux-gnu/4.8.2/../../../../lib/crt1.o /usr/lib/gcc/x86_64-unknown-linux-gnu/4.8.2/../../../../lib/crti.o /usr/lib/gcc/x86_64-unknown-linux-gnu/4.8.2/crtbegin.o -L/usr/lib/gcc/x86_64-unknown-linux-gnu/4.8.2 -L/usr/lib/gcc/x86_64-unknown-linux-gnu/4.8.2/../../../../lib -L/lib/../lib -L/usr/lib/../lib -L/usr/lib/gcc/x86_64-unknown-linux-gnu/4.8.2/../../.. CMakeFiles/cmTryCompileExec3749924625.dir/CMakeCCompilerABI.c.o -lgcc --as-needed -lgcc_s --no-as-needed -lc -lgcc --as-needed -lgcc_s --no-as-needed /usr/lib/gcc/x86_64-unknown-linux-gnu/4.8.2/crtend.o /usr/lib/gcc/x86_64-unknown-linux-gnu/4.8.2/../../../../lib/crtn.o]
    arg [/usr/lib/gcc/x86_64-unknown-linux-gnu/4.8.2/collect2] ==> ignore
    arg [--build-id] ==> ignore
    arg [--eh-frame-hdr] ==> ignore
    arg [--hash-style=gnu] ==> ignore
    arg [-m] ==> ignore
    arg [elf_x86_64] ==> ignore
    arg [-export-dynamic] ==> ignore
    arg [-dynamic-linker] ==> ignore
    arg [/lib64/ld-linux-x86-64.so.2] ==> ignore
    arg [-o] ==> ignore
    arg [cmTryCompileExec3749924625] ==> ignore
    arg [/usr/lib/gcc/x86_64-unknown-linux-gnu/4.8.2/../../../../lib/crt1.o] ==> ignore
    arg [/usr/lib/gcc/x86_64-unknown-linux-gnu/4.8.2/../../../../lib/crti.o] ==> ignore
    arg [/usr/lib/gcc/x86_64-unknown-linux-gnu/4.8.2/crtbegin.o] ==> ignore
    arg [-L/usr/lib/gcc/x86_64-unknown-linux-gnu/4.8.2] ==> dir [/usr/lib/gcc/x86_64-unknown-linux-gnu/4.8.2]
    arg [-L/usr/lib/gcc/x86_64-unknown-linux-gnu/4.8.2/../../../../lib] ==> dir [/usr/lib/gcc/x86_64-unknown-linux-gnu/4.8.2/../../../../lib]
    arg [-L/lib/../lib] ==> dir [/lib/../lib]
    arg [-L/usr/lib/../lib] ==> dir [/usr/lib/../lib]
    arg [-L/usr/lib/gcc/x86_64-unknown-linux-gnu/4.8.2/../../..] ==> dir [/usr/lib/gcc/x86_64-unknown-linux-gnu/4.8.2/../../..]
    arg [CMakeFiles/cmTryCompileExec3749924625.dir/CMakeCCompilerABI.c.o] ==> ignore
    arg [-lgcc] ==> lib [gcc]
    arg [--as-needed] ==> ignore
    arg [-lgcc_s] ==> lib [gcc_s]
    arg [--no-as-needed] ==> ignore
    arg [-lc] ==> lib [c]
    arg [-lgcc] ==> lib [gcc]
    arg [--as-needed] ==> ignore
    arg [-lgcc_s] ==> lib [gcc_s]
    arg [--no-as-needed] ==> ignore
    arg [/usr/lib/gcc/x86_64-unknown-linux-gnu/4.8.2/crtend.o] ==> ignore
    arg [/usr/lib/gcc/x86_64-unknown-linux-gnu/4.8.2/../../../../lib/crtn.o] ==> ignore
  remove lib [gcc]
  remove lib [gcc_s]
  remove lib [gcc]
  remove lib [gcc_s]
  collapse library dir [/usr/lib/gcc/x86_64-unknown-linux-gnu/4.8.2] ==> [/usr/lib/gcc/x86_64-unknown-linux-gnu/4.8.2]
  collapse library dir [/usr/lib/gcc/x86_64-unknown-linux-gnu/4.8.2/../../../../lib] ==> [/usr/lib]
  collapse library dir [/lib/../lib] ==> [/lib]
  collapse library dir [/usr/lib/../lib] ==> [/usr/lib]
  collapse library dir [/usr/lib/gcc/x86_64-unknown-linux-gnu/4.8.2/../../..] ==> [/usr/lib]
  implicit libs: [c]
  implicit dirs: [/usr/lib/gcc/x86_64-unknown-linux-gnu/4.8.2;/usr/lib;/lib]
  implicit fwks: []


Determining if the CXX compiler works passed with the following output:
Change Dir: /home/ben/workspace/massplay/server/CMakeFiles/CMakeTmp

Run Build Command:/usr/bin/make "cmTryCompileExec2710433926/fast"
/usr/bin/make -f CMakeFiles/cmTryCompileExec2710433926.dir/build.make CMakeFiles/cmTryCompileExec2710433926.dir/build
make[1]: Entering directory '/home/ben/workspace/massplay/server/CMakeFiles/CMakeTmp'
/usr/bin/cmake -E cmake_progress_report /home/ben/workspace/massplay/server/CMakeFiles/CMakeTmp/CMakeFiles 1
Building CXX object CMakeFiles/cmTryCompileExec2710433926.dir/testCXXCompiler.cxx.o
/usr/bin/c++     -o CMakeFiles/cmTryCompileExec2710433926.dir/testCXXCompiler.cxx.o -c /home/ben/workspace/massplay/server/CMakeFiles/CMakeTmp/testCXXCompiler.cxx
Linking CXX executable cmTryCompileExec2710433926
/usr/bin/cmake -E cmake_link_script CMakeFiles/cmTryCompileExec2710433926.dir/link.txt --verbose=1
/usr/bin/c++        CMakeFiles/cmTryCompileExec2710433926.dir/testCXXCompiler.cxx.o  -o cmTryCompileExec2710433926 -rdynamic 
make[1]: Leaving directory '/home/ben/workspace/massplay/server/CMakeFiles/CMakeTmp'


Detecting CXX compiler ABI info compiled with the following output:
Change Dir: /home/ben/workspace/massplay/server/CMakeFiles/CMakeTmp

Run Build Command:/usr/bin/make "cmTryCompileExec4209572024/fast"
/usr/bin/make -f CMakeFiles/cmTryCompileExec4209572024.dir/build.make CMakeFiles/cmTryCompileExec4209572024.dir/build
make[1]: Entering directory '/home/ben/workspace/massplay/server/CMakeFiles/CMakeTmp'
/usr/bin/cmake -E cmake_progress_report /home/ben/workspace/massplay/server/CMakeFiles/CMakeTmp/CMakeFiles 1
Building CXX object CMakeFiles/cmTryCompileExec4209572024.dir/CMakeCXXCompilerABI.cpp.o
/usr/bin/c++     -o CMakeFiles/cmTryCompileExec4209572024.dir/CMakeCXXCompilerABI.cpp.o -c /usr/share/cmake-2.8/Modules/CMakeCXXCompilerABI.cpp
Linking CXX executable cmTryCompileExec4209572024
/usr/bin/cmake -E cmake_link_script CMakeFiles/cmTryCompileExec4209572024.dir/link.txt --verbose=1
/usr/bin/c++      -v CMakeFiles/cmTryCompileExec4209572024.dir/CMakeCXXCompilerABI.cpp.o  -o cmTryCompileExec4209572024 -rdynamic  
Using built-in specs.
COLLECT_GCC=/usr/bin/c++
COLLECT_LTO_WRAPPER=/usr/lib/gcc/x86_64-unknown-linux-gnu/4.8.2/lto-wrapper
Target: x86_64-unknown-linux-gnu
Configured with: /build/gcc-multilib/src/gcc-4.8.2/configure --prefix=/usr --libdir=/usr/lib --libexecdir=/usr/lib --mandir=/usr/share/man --infodir=/usr/share/info --with-bugurl=https://bugs.archlinux.org/ --enable-languages=c,c++,ada,fortran,go,lto,objc,obj-c++ --enable-shared --enable-threads=posix --with-system-zlib --enable-__cxa_atexit --disable-libunwind-exceptions --enable-clocale=gnu --disable-libstdcxx-pch --enable-gnu-unique-object --enable-linker-build-id --enable-cloog-backend=isl --disable-cloog-version-check --enable-lto --enable-gold --enable-ld=default --enable-plugin --with-plugin-ld=ld.gold --with-linker-hash-style=gnu --disable-install-libiberty --enable-multilib --disable-libssp --disable-werror --enable-checking=release
Thread model: posix
gcc version 4.8.2 (GCC) 
COMPILER_PATH=/usr/lib/gcc/x86_64-unknown-linux-gnu/4.8.2/:/usr/lib/gcc/x86_64-unknown-linux-gnu/4.8.2/:/usr/lib/gcc/x86_64-unknown-linux-gnu/:/usr/lib/gcc/x86_64-unknown-linux-gnu/4.8.2/:/usr/lib/gcc/x86_64-unknown-linux-gnu/
LIBRARY_PATH=/usr/lib/gcc/x86_64-unknown-linux-gnu/4.8.2/:/usr/lib/gcc/x86_64-unknown-linux-gnu/4.8.2/../../../../lib/:/lib/../lib/:/usr/lib/../lib/:/usr/lib/gcc/x86_64-unknown-linux-gnu/4.8.2/../../../:/lib/:/usr/lib/
COLLECT_GCC_OPTIONS='-v' '-o' 'cmTryCompileExec4209572024' '-rdynamic' '-shared-libgcc' '-mtune=generic' '-march=x86-64'
 /usr/lib/gcc/x86_64-unknown-linux-gnu/4.8.2/collect2 --build-id --eh-frame-hdr --hash-style=gnu -m elf_x86_64 -export-dynamic -dynamic-linker /lib64/ld-linux-x86-64.so.2 -o cmTryCompileExec4209572024 /usr/lib/gcc/x86_64-unknown-linux-gnu/4.8.2/../../../../lib/crt1.o /usr/lib/gcc/x86_64-unknown-linux-gnu/4.8.2/../../../../lib/crti.o /usr/lib/gcc/x86_64-unknown-linux-gnu/4.8.2/crtbegin.o -L/usr/lib/gcc/x86_64-unknown-linux-gnu/4.8.2 -L/usr/lib/gcc/x86_64-unknown-linux-gnu/4.8.2/../../../../lib -L/lib/../lib -L/usr/lib/../lib -L/usr/lib/gcc/x86_64-unknown-linux-gnu/4.8.2/../../.. CMakeFiles/cmTryCompileExec4209572024.dir/CMakeCXXCompilerABI.cpp.o -lstdc++ -lm -lgcc_s -lgcc -lc -lgcc_s -lgcc /usr/lib/gcc/x86_64-unknown-linux-gnu/4.8.2/crtend.o /usr/lib/gcc/x86_64-unknown-linux-gnu/4.8.2/../../../../lib/crtn.o
make[1]: Leaving directory '/home/ben/workspace/massplay/server/CMakeFiles/CMakeTmp'


Parsed CXX implicit link information from above output:
  link line regex: [^( *|.*[/\])(ld|([^/\]+-)?ld|collect2)[^/\]*( |$)]
  ignore line: [Change Dir: /home/ben/workspace/massplay/server/CMakeFiles/CMakeTmp]
  ignore line: []
  ignore line: [Run Build Command:/usr/bin/make "cmTryCompileExec4209572024/fast"]
  ignore line: [/usr/bin/make -f CMakeFiles/cmTryCompileExec4209572024.dir/build.make CMakeFiles/cmTryCompileExec4209572024.dir/build]
  ignore line: [make[1]: Entering directory '/home/ben/workspace/massplay/server/CMakeFiles/CMakeTmp']
  ignore line: [/usr/bin/cmake -E cmake_progress_report /home/ben/workspace/massplay/server/CMakeFiles/CMakeTmp/CMakeFiles 1]
  ignore line: [Building CXX object CMakeFiles/cmTryCompileExec4209572024.dir/CMakeCXXCompilerABI.cpp.o]
  ignore line: [/usr/bin/c++     -o CMakeFiles/cmTryCompileExec4209572024.dir/CMakeCXXCompilerABI.cpp.o -c /usr/share/cmake-2.8/Modules/CMakeCXXCompilerABI.cpp]
  ignore line: [Linking CXX executable cmTryCompileExec4209572024]
  ignore line: [/usr/bin/cmake -E cmake_link_script CMakeFiles/cmTryCompileExec4209572024.dir/link.txt --verbose=1]
  ignore line: [/usr/bin/c++      -v CMakeFiles/cmTryCompileExec4209572024.dir/CMakeCXXCompilerABI.cpp.o  -o cmTryCompileExec4209572024 -rdynamic  ]
  ignore line: [Using built-in specs.]
  ignore line: [COLLECT_GCC=/usr/bin/c++]
  ignore line: [COLLECT_LTO_WRAPPER=/usr/lib/gcc/x86_64-unknown-linux-gnu/4.8.2/lto-wrapper]
  ignore line: [Target: x86_64-unknown-linux-gnu]
  ignore line: [Configured with: /build/gcc-multilib/src/gcc-4.8.2/configure --prefix=/usr --libdir=/usr/lib --libexecdir=/usr/lib --mandir=/usr/share/man --infodir=/usr/share/info --with-bugurl=https://bugs.archlinux.org/ --enable-languages=c,c++,ada,fortran,go,lto,objc,obj-c++ --enable-shared --enable-threads=posix --with-system-zlib --enable-__cxa_atexit --disable-libunwind-exceptions --enable-clocale=gnu --disable-libstdcxx-pch --enable-gnu-unique-object --enable-linker-build-id --enable-cloog-backend=isl --disable-cloog-version-check --enable-lto --enable-gold --enable-ld=default --enable-plugin --with-plugin-ld=ld.gold --with-linker-hash-style=gnu --disable-install-libiberty --enable-multilib --disable-libssp --disable-werror --enable-checking=release]
  ignore line: [Thread model: posix]
  ignore line: [gcc version 4.8.2 (GCC) ]
  ignore line: [COMPILER_PATH=/usr/lib/gcc/x86_64-unknown-linux-gnu/4.8.2/:/usr/lib/gcc/x86_64-unknown-linux-gnu/4.8.2/:/usr/lib/gcc/x86_64-unknown-linux-gnu/:/usr/lib/gcc/x86_64-unknown-linux-gnu/4.8.2/:/usr/lib/gcc/x86_64-unknown-linux-gnu/]
  ignore line: [LIBRARY_PATH=/usr/lib/gcc/x86_64-unknown-linux-gnu/4.8.2/:/usr/lib/gcc/x86_64-unknown-linux-gnu/4.8.2/../../../../lib/:/lib/../lib/:/usr/lib/../lib/:/usr/lib/gcc/x86_64-unknown-linux-gnu/4.8.2/../../../:/lib/:/usr/lib/]
  ignore line: [COLLECT_GCC_OPTIONS='-v' '-o' 'cmTryCompileExec4209572024' '-rdynamic' '-shared-libgcc' '-mtune=generic' '-march=x86-64']
  link line: [ /usr/lib/gcc/x86_64-unknown-linux-gnu/4.8.2/collect2 --build-id --eh-frame-hdr --hash-style=gnu -m elf_x86_64 -export-dynamic -dynamic-linker /lib64/ld-linux-x86-64.so.2 -o cmTryCompileExec4209572024 /usr/lib/gcc/x86_64-unknown-linux-gnu/4.8.2/../../../../lib/crt1.o /usr/lib/gcc/x86_64-unknown-linux-gnu/4.8.2/../../../../lib/crti.o /usr/lib/gcc/x86_64-unknown-linux-gnu/4.8.2/crtbegin.o -L/usr/lib/gcc/x86_64-unknown-linux-gnu/4.8.2 -L/usr/lib/gcc/x86_64-unknown-linux-gnu/4.8.2/../../../../lib -L/lib/../lib -L/usr/lib/../lib -L/usr/lib/gcc/x86_64-unknown-linux-gnu/4.8.2/../../.. CMakeFiles/cmTryCompileExec4209572024.dir/CMakeCXXCompilerABI.cpp.o -lstdc++ -lm -lgcc_s -lgcc -lc -lgcc_s -lgcc /usr/lib/gcc/x86_64-unknown-linux-gnu/4.8.2/crtend.o /usr/lib/gcc/x86_64-unknown-linux-gnu/4.8.2/../../../../lib/crtn.o]
    arg [/usr/lib/gcc/x86_64-unknown-linux-gnu/4.8.2/collect2] ==> ignore
    arg [--build-id] ==> ignore
    arg [--eh-frame-hdr] ==> ignore
    arg [--hash-style=gnu] ==> ignore
    arg [-m] ==> ignore
    arg [elf_x86_64] ==> ignore
    arg [-export-dynamic] ==> ignore
    arg [-dynamic-linker] ==> ignore
    arg [/lib64/ld-linux-x86-64.so.2] ==> ignore
    arg [-o] ==> ignore
    arg [cmTryCompileExec4209572024] ==> ignore
    arg [/usr/lib/gcc/x86_64-unknown-linux-gnu/4.8.2/../../../../lib/crt1.o] ==> ignore
    arg [/usr/lib/gcc/x86_64-unknown-linux-gnu/4.8.2/../../../../lib/crti.o] ==> ignore
    arg [/usr/lib/gcc/x86_64-unknown-linux-gnu/4.8.2/crtbegin.o] ==> ignore
    arg [-L/usr/lib/gcc/x86_64-unknown-linux-gnu/4.8.2] ==> dir [/usr/lib/gcc/x86_64-unknown-linux-gnu/4.8.2]
    arg [-L/usr/lib/gcc/x86_64-unknown-linux-gnu/4.8.2/../../../../lib] ==> dir [/usr/lib/gcc/x86_64-unknown-linux-gnu/4.8.2/../../../../lib]
    arg [-L/lib/../lib] ==> dir [/lib/../lib]
    arg [-L/usr/lib/../lib] ==> dir [/usr/lib/../lib]
    arg [-L/usr/lib/gcc/x86_64-unknown-linux-gnu/4.8.2/../../..] ==> dir [/usr/lib/gcc/x86_64-unknown-linux-gnu/4.8.2/../../..]
    arg [CMakeFiles/cmTryCompileExec4209572024.dir/CMakeCXXCompilerABI.cpp.o] ==> ignore
    arg [-lstdc++] ==> lib [stdc++]
    arg [-lm] ==> lib [m]
    arg [-lgcc_s] ==> lib [gcc_s]
    arg [-lgcc] ==> lib [gcc]
    arg [-lc] ==> lib [c]
    arg [-lgcc_s] ==> lib [gcc_s]
    arg [-lgcc] ==> lib [gcc]
    arg [/usr/lib/gcc/x86_64-unknown-linux-gnu/4.8.2/crtend.o] ==> ignore
    arg [/usr/lib/gcc/x86_64-unknown-linux-gnu/4.8.2/../../../../lib/crtn.o] ==> ignore
  remove lib [gcc_s]
  remove lib [gcc]
  remove lib [gcc_s]
  remove lib [gcc]
  collapse library dir [/usr/lib/gcc/x86_64-unknown-linux-gnu/4.8.2] ==> [/usr/lib/gcc/x86_64-unknown-linux-gnu/4.8.2]
  collapse library dir [/usr/lib/gcc/x86_64-unknown-linux-gnu/4.8.2/../../../../lib] ==> [/usr/lib]
  collapse library dir [/lib/../lib] ==> [/lib]
  collapse library dir [/usr/lib/../lib] ==> [/usr/lib]
  collapse library dir [/usr/lib/gcc/x86_64-unknown-linux-gnu/4.8.2/../../..] ==> [/usr/lib]
  implicit libs: [stdc++;m;c]
  implicit dirs: [/usr/lib/gcc/x86_64-unknown-linux-gnu/4.8.2;/usr/lib;/lib]
  implicit fwks: []


Determining if the function XOpenDisplay exists in the /usr/lib64/libX11.so;/usr/lib64/libXext.so passed with the following output:
Change Dir: /home/ben/workspace/massplay/server/CMakeFiles/CMakeTmp

Run Build Command:/usr/bin/make "cmTryCompileExec1488308796/fast"
/usr/bin/make -f CMakeFiles/cmTryCompileExec1488308796.dir/build.make CMakeFiles/cmTryCompileExec1488308796.dir/build
make[1]: Entering directory '/home/ben/workspace/massplay/server/CMakeFiles/CMakeTmp'
/usr/bin/cmake -E cmake_progress_report /home/ben/workspace/massplay/server/CMakeFiles/CMakeTmp/CMakeFiles 1
Building C object CMakeFiles/cmTryCompileExec1488308796.dir/CheckFunctionExists.c.o
/usr/bin/cc   -DCHECK_FUNCTION_EXISTS=XOpenDisplay   -o CMakeFiles/cmTryCompileExec1488308796.dir/CheckFunctionExists.c.o   -c /usr/share/cmake-2.8/Modules/CheckFunctionExists.c
Linking C executable cmTryCompileExec1488308796
/usr/bin/cmake -E cmake_link_script CMakeFiles/cmTryCompileExec1488308796.dir/link.txt --verbose=1
/usr/bin/cc   -DCHECK_FUNCTION_EXISTS=XOpenDisplay    CMakeFiles/cmTryCompileExec1488308796.dir/CheckFunctionExists.c.o  -o cmTryCompileExec1488308796 -rdynamic -lX11 -lXext 
make[1]: Leaving directory '/home/ben/workspace/massplay/server/CMakeFiles/CMakeTmp'


Determining if the function gethostbyname exists passed with the following output:
Change Dir: /home/ben/workspace/massplay/server/CMakeFiles/CMakeTmp

Run Build Command:/usr/bin/make "cmTryCompileExec817254173/fast"
/usr/bin/make -f CMakeFiles/cmTryCompileExec817254173.dir/build.make CMakeFiles/cmTryCompileExec817254173.dir/build
make[1]: Entering directory '/home/ben/workspace/massplay/server/CMakeFiles/CMakeTmp'
/usr/bin/cmake -E cmake_progress_report /home/ben/workspace/massplay/server/CMakeFiles/CMakeTmp/CMakeFiles 1
Building C object CMakeFiles/cmTryCompileExec817254173.dir/CheckFunctionExists.c.o
/usr/bin/cc   -DCHECK_FUNCTION_EXISTS=gethostbyname   -o CMakeFiles/cmTryCompileExec817254173.dir/CheckFunctionExists.c.o   -c /usr/share/cmake-2.8/Modules/CheckFunctionExists.c
Linking C executable cmTryCompileExec817254173
/usr/bin/cmake -E cmake_link_script CMakeFiles/cmTryCompileExec817254173.dir/link.txt --verbose=1
/usr/bin/cc   -DCHECK_FUNCTION_EXISTS=gethostbyname    CMakeFiles/cmTryCompileExec817254173.dir/CheckFunctionExists.c.o  -o cmTryCompileExec817254173 -rdynamic 
make[1]: Leaving directory '/home/ben/workspace/massplay/server/CMakeFiles/CMakeTmp'


Determining if the function connect exists passed with the following output:
Change Dir: /home/ben/workspace/massplay/server/CMakeFiles/CMakeTmp

Run Build Command:/usr/bin/make "cmTryCompileExec4198241034/fast"
/usr/bin/make -f CMakeFiles/cmTryCompileExec4198241034.dir/build.make CMakeFiles/cmTryCompileExec4198241034.dir/build
make[1]: Entering directory '/home/ben/workspace/massplay/server/CMakeFiles/CMakeTmp'
/usr/bin/cmake -E cmake_progress_report /home/ben/workspace/massplay/server/CMakeFiles/CMakeTmp/CMakeFiles 1
Building C object CMakeFiles/cmTryCompileExec4198241034.dir/CheckFunctionExists.c.o
/usr/bin/cc   -DCHECK_FUNCTION_EXISTS=connect   -o CMakeFiles/cmTryCompileExec4198241034.dir/CheckFunctionExists.c.o   -c /usr/share/cmake-2.8/Modules/CheckFunctionExists.c
Linking C executable cmTryCompileExec4198241034
/usr/bin/cmake -E cmake_link_script CMakeFiles/cmTryCompileExec4198241034.dir/link.txt --verbose=1
/usr/bin/cc   -DCHECK_FUNCTION_EXISTS=connect    CMakeFiles/cmTryCompileExec4198241034.dir/CheckFunctionExists.c.o  -o cmTryCompileExec4198241034 -rdynamic 
make[1]: Leaving directory '/home/ben/workspace/massplay/server/CMakeFiles/CMakeTmp'


Determining if the function remove exists passed with the following output:
Change Dir: /home/ben/workspace/massplay/server/CMakeFiles/CMakeTmp

Run Build Command:/usr/bin/make "cmTryCompileExec190919822/fast"
/usr/bin/make -f CMakeFiles/cmTryCompileExec190919822.dir/build.make CMakeFiles/cmTryCompileExec190919822.dir/build
make[1]: Entering directory '/home/ben/workspace/massplay/server/CMakeFiles/CMakeTmp'
/usr/bin/cmake -E cmake_progress_report /home/ben/workspace/massplay/server/CMakeFiles/CMakeTmp/CMakeFiles 1
Building C object CMakeFiles/cmTryCompileExec190919822.dir/CheckFunctionExists.c.o
/usr/bin/cc   -DCHECK_FUNCTION_EXISTS=remove   -o CMakeFiles/cmTryCompileExec190919822.dir/CheckFunctionExists.c.o   -c /usr/share/cmake-2.8/Modules/CheckFunctionExists.c
Linking C executable cmTryCompileExec190919822
/usr/bin/cmake -E cmake_link_script CMakeFiles/cmTryCompileExec190919822.dir/link.txt --verbose=1
/usr/bin/cc   -DCHECK_FUNCTION_EXISTS=remove    CMakeFiles/cmTryCompileExec190919822.dir/CheckFunctionExists.c.o  -o cmTryCompileExec190919822 -rdynamic 
make[1]: Leaving directory '/home/ben/workspace/massplay/server/CMakeFiles/CMakeTmp'


Determining if the function shmat exists passed with the following output:
Change Dir: /home/ben/workspace/massplay/server/CMakeFiles/CMakeTmp

Run Build Command:/usr/bin/make "cmTryCompileExec3507950798/fast"
/usr/bin/make -f CMakeFiles/cmTryCompileExec3507950798.dir/build.make CMakeFiles/cmTryCompileExec3507950798.dir/build
make[1]: Entering directory '/home/ben/workspace/massplay/server/CMakeFiles/CMakeTmp'
/usr/bin/cmake -E cmake_progress_report /home/ben/workspace/massplay/server/CMakeFiles/CMakeTmp/CMakeFiles 1
Building C object CMakeFiles/cmTryCompileExec3507950798.dir/CheckFunctionExists.c.o
/usr/bin/cc   -DCHECK_FUNCTION_EXISTS=shmat   -o CMakeFiles/cmTryCompileExec3507950798.dir/CheckFunctionExists.c.o   -c /usr/share/cmake-2.8/Modules/CheckFunctionExists.c
Linking C executable cmTryCompileExec3507950798
/usr/bin/cmake -E cmake_link_script CMakeFiles/cmTryCompileExec3507950798.dir/link.txt --verbose=1
/usr/bin/cc   -DCHECK_FUNCTION_EXISTS=shmat    CMakeFiles/cmTryCompileExec3507950798.dir/CheckFunctionExists.c.o  -o cmTryCompileExec3507950798 -rdynamic 
make[1]: Leaving directory '/home/ben/workspace/massplay/server/CMakeFiles/CMakeTmp'


Determining if the function IceConnectionNumber exists in the ICE passed with the following output:
Change Dir: /home/ben/workspace/massplay/server/CMakeFiles/CMakeTmp

Run Build Command:/usr/bin/make "cmTryCompileExec2190448227/fast"
/usr/bin/make -f CMakeFiles/cmTryCompileExec2190448227.dir/build.make CMakeFiles/cmTryCompileExec2190448227.dir/build
make[1]: Entering directory '/home/ben/workspace/massplay/server/CMakeFiles/CMakeTmp'
/usr/bin/cmake -E cmake_progress_report /home/ben/workspace/massplay/server/CMakeFiles/CMakeTmp/CMakeFiles 1
Building C object CMakeFiles/cmTryCompileExec2190448227.dir/CheckFunctionExists.c.o
/usr/bin/cc   -DCHECK_FUNCTION_EXISTS=IceConnectionNumber   -o CMakeFiles/cmTryCompileExec2190448227.dir/CheckFunctionExists.c.o   -c /usr/share/cmake-2.8/Modules/CheckFunctionExists.c
Linking C executable cmTryCompileExec2190448227
/usr/bin/cmake -E cmake_link_script CMakeFiles/cmTryCompileExec2190448227.dir/link.txt --verbose=1
/usr/bin/cc   -DCHECK_FUNCTION_EXISTS=IceConnectionNumber    CMakeFiles/cmTryCompileExec2190448227.dir/CheckFunctionExists.c.o  -o cmTryCompileExec2190448227 -rdynamic -lICE 
make[1]: Leaving directory '/home/ben/workspace/massplay/server/CMakeFiles/CMakeTmp'


Determining if files pthread.h exist passed with the following output:
Change Dir: /home/ben/workspace/massplay/server/CMakeFiles/CMakeTmp

Run Build Command:/usr/bin/make "cmTryCompileExec2163382948/fast"
/usr/bin/make -f CMakeFiles/cmTryCompileExec2163382948.dir/build.make CMakeFiles/cmTryCompileExec2163382948.dir/build
make[1]: Entering directory '/home/ben/workspace/massplay/server/CMakeFiles/CMakeTmp'
/usr/bin/cmake -E cmake_progress_report /home/ben/workspace/massplay/server/CMakeFiles/CMakeTmp/CMakeFiles 1
Building C object CMakeFiles/cmTryCompileExec2163382948.dir/CheckIncludeFiles.c.o
/usr/bin/cc    -o CMakeFiles/cmTryCompileExec2163382948.dir/CheckIncludeFiles.c.o   -c /home/ben/workspace/massplay/server/CMakeFiles/CMakeTmp/CheckIncludeFiles.c
Linking C executable cmTryCompileExec2163382948
/usr/bin/cmake -E cmake_link_script CMakeFiles/cmTryCompileExec2163382948.dir/link.txt --verbose=1
/usr/bin/cc       CMakeFiles/cmTryCompileExec2163382948.dir/CheckIncludeFiles.c.o  -o cmTryCompileExec2163382948 -rdynamic 
make[1]: Leaving directory '/home/ben/workspace/massplay/server/CMakeFiles/CMakeTmp'


Determining if the function pthread_create exists in the pthread passed with the following output:
Change Dir: /home/ben/workspace/massplay/server/CMakeFiles/CMakeTmp

Run Build Command:/usr/bin/make "cmTryCompileExec2706555389/fast"
/usr/bin/make -f CMakeFiles/cmTryCompileExec2706555389.dir/build.make CMakeFiles/cmTryCompileExec2706555389.dir/build
make[1]: Entering directory '/home/ben/workspace/massplay/server/CMakeFiles/CMakeTmp'
/usr/bin/cmake -E cmake_progress_report /home/ben/workspace/massplay/server/CMakeFiles/CMakeTmp/CMakeFiles 1
Building C object CMakeFiles/cmTryCompileExec2706555389.dir/CheckFunctionExists.c.o
/usr/bin/cc   -DCHECK_FUNCTION_EXISTS=pthread_create   -o CMakeFiles/cmTryCompileExec2706555389.dir/CheckFunctionExists.c.o   -c /usr/share/cmake-2.8/Modules/CheckFunctionExists.c
Linking C executable cmTryCompileExec2706555389
/usr/bin/cmake -E cmake_link_script CMakeFiles/cmTryCompileExec2706555389.dir/link.txt --verbose=1
/usr/bin/cc   -DCHECK_FUNCTION_EXISTS=pthread_create    CMakeFiles/cmTryCompileExec2706555389.dir/CheckFunctionExists.c.o  -o cmTryCompileExec2706555389 -rdynamic -lpthread 
make[1]: Leaving directory '/home/ben/workspace/massplay/server/CMakeFiles/CMakeTmp'


